[debug] [2025-11-24T07:53:06.649Z] ----------------------------------------------------------------------
[debug] [2025-11-24T07:53:06.656Z] Command:       C:\Program Files\nodejs\node.exe C:\Users\DELL\AppData\Roaming\npm\node_modules\firebase-tools\lib\bin\firebase.js init
[debug] [2025-11-24T07:53:06.659Z] CLI Version:   14.26.0
[debug] [2025-11-24T07:53:06.659Z] Platform:      win32
[debug] [2025-11-24T07:53:06.660Z] Node Version:  v21.1.0
[debug] [2025-11-24T07:53:06.660Z] Time:          Mon Nov 24 2025 08:53:06 GMT+0100 (West Africa Standard Time)
[debug] [2025-11-24T07:53:06.661Z] ----------------------------------------------------------------------
[debug] 
[debug] [2025-11-24T07:53:06.664Z] >>> [apiv2][query] GET https://firebase-public.firebaseio.com/cli.json [none]
[info] 
     ######## #### ########  ######## ########     ###     ######  ########
     ##        ##  ##     ## ##       ##     ##  ##   ##  ##       ##
     ######    ##  ########  ######   ########  #########  ######  ######
     ##        ##  ##    ##  ##       ##     ## ##     ##       ## ##
     ##       #### ##     ## ######## ########  ##     ##  ######  ########

You're about to initialize a Firebase project in this directory:

  C:\Users\DELL\Desktop\LM-hackerton\smartserve

[debug] [2025-11-24T07:53:07.770Z] <<< [apiv2][status] GET https://firebase-public.firebaseio.com/cli.json 200
[debug] [2025-11-24T07:53:07.770Z] <<< [apiv2][body] GET https://firebase-public.firebaseio.com/cli.json {"cloudBuildErrorAfter":1594252800000,"cloudBuildWarnAfter":1590019200000,"defaultNode10After":1594252800000,"minVersion":"3.0.5","node8DeploysDisabledAfter":1613390400000,"node8RuntimeDisabledAfter":1615809600000,"node8WarnAfter":1600128000000}
[debug] [2025-11-24T08:01:46.857Z] ExitPromptError: User force closed the prompt with SIGINT
    at Interface.sigint (C:\Users\DELL\AppData\Roaming\npm\node_modules\firebase-tools\node_modules\@inquirer\core\dist\commonjs\lib\create-prompt.js:101:37)
    at Interface.emit (node:events:515:28)
    at Interface.emit (node:domain:488:12)
    at [_ttyWrite] [as _ttyWrite] (node:internal/readline/interface:1125:18)
    at ReadStream.onkeypress (node:internal/readline/interface:264:20)
    at ReadStream.emit (node:events:527:35)
    at ReadStream.emit (node:domain:488:12)
    at emitKeys (node:internal/readline/utils:371:14)
    at emitKeys.next (<anonymous>)
    at ReadStream.onData (node:internal/readline/emitKeypressEvents:64:36)
[error] 
[error] Error: An unexpected error has occurred.
[debug] [2025-11-24T08:02:13.421Z] ----------------------------------------------------------------------
[debug] [2025-11-24T08:02:13.429Z] Command:       C:\Program Files\nodejs\node.exe C:\Users\DELL\AppData\Roaming\npm\node_modules\firebase-tools\lib\bin\firebase.js init
[debug] [2025-11-24T08:02:13.430Z] CLI Version:   14.26.0
[debug] [2025-11-24T08:02:13.430Z] Platform:      win32
[debug] [2025-11-24T08:02:13.430Z] Node Version:  v21.1.0
[debug] [2025-11-24T08:02:13.431Z] Time:          Mon Nov 24 2025 09:02:13 GMT+0100 (West Africa Standard Time)
[debug] [2025-11-24T08:02:13.431Z] ----------------------------------------------------------------------
[debug] 
[info] 
     ######## #### ########  ######## ########     ###     ######  ########
     ##        ##  ##     ## ##       ##     ##  ##   ##  ##       ##
     ######    ##  ########  ######   ########  #########  ######  ######
     ##        ##  ##    ##  ##       ##     ## ##     ##       ## ##
     ##       #### ##     ## ######## ########  ##     ##  ######  ########

You're about to initialize a Firebase project in this directory:

  C:\Users\DELL\Desktop\LM-hackerton\smartserve

